2019-04-28 11:04:239 INFO  Banking :60 - screenshots taken
2019-04-28 11:04:618 INFO  Banking :60 - screenshots taken
2019-04-28 11:04:213 INFO  Banking :17 - Open Url
2019-04-28 11:04:394 INFO  Banking :20 - enetering username
2019-04-28 11:04:496 INFO  Banking :22 - entering password
2019-04-28 11:04:290 INFO  Banking :24 - click on login button
2019-04-28 11:04:343 INFO  Banking :30 - verifying title
2019-04-28 11:04:344 INFO  Banking :31 - Test Pass
2019-04-28 11:04:415 INFO  Banking :19 - Open Url
2019-04-28 11:04:516 INFO  Banking :22 - enetering username : abcd
2019-04-28 11:04:613 INFO  Banking :24 - entering password : abcd123
2019-04-28 11:04:818 INFO  Banking :26 - click on login button
2019-04-28 11:04:354 INFO  Banking :60 - screenshots taken
2019-04-28 11:04:667 INFO  Banking :60 - screenshots taken
2019-04-28 11:04:252 INFO  Banking :19 - Open Url
2019-04-28 11:04:405 INFO  Banking :22 - enetering username : xyz123
2019-04-28 11:04:505 INFO  Banking :24 - entering password : xyz123
2019-04-28 11:04:690 INFO  Banking :26 - click on login button
2019-04-28 11:04:578 INFO  Banking :60 - screenshots taken
2019-04-28 11:04:919 INFO  Banking :60 - screenshots taken
2019-04-29 11:04:753 INFO  Banking :60 - screenshots taken
2019-04-29 11:04:393 INFO  Banking :17 - Open Url
2019-04-29 11:04:801 INFO  Banking :20 - enetering username
2019-04-29 11:04:877 INFO  Banking :22 - entering password
2019-04-29 11:04:748 INFO  Banking :24 - click on login button
2019-04-29 11:04:765 INFO  Banking :30 - verifying title
2019-04-29 11:04:766 INFO  Banking :31 - Test Pass
2019-04-29 11:04:846 INFO  Banking :17 - Open Url
2019-04-29 11:04:186 INFO  Banking :20 - enetering username
2019-04-29 11:04:282 INFO  Banking :22 - entering password
2019-04-29 11:04:164 INFO  Banking :24 - click on login button
2019-04-29 11:04:218 INFO  Banking :30 - verifying title
2019-04-29 11:04:219 INFO  Banking :31 - Test Pass
2019-04-29 11:04:768 INFO  Banking :17 - Open Url
2019-04-29 11:04:120 INFO  Banking :20 - enetering username
2019-04-29 11:04:217 INFO  Banking :22 - entering password
2019-04-29 11:04:72 INFO  Banking :24 - click on login button
2019-04-29 11:04:98 INFO  Banking :30 - verifying title
2019-04-29 11:04:99 INFO  Banking :31 - Test Pass
2019-04-29 11:04:972 INFO  Banking :19 - Open Url
2019-04-29 11:04:515 INFO  Banking :22 - enetering username : abcd
2019-04-29 11:04:621 INFO  Banking :24 - entering password : abcd123
2019-04-29 11:04:815 INFO  Banking :26 - click on login button
2019-04-29 11:04:870 INFO  Banking :60 - screenshots taken
2019-04-29 11:04:442 INFO  Banking :19 - Open Url
2019-04-29 11:04:594 INFO  Banking :22 - enetering username : xyz123
2019-04-29 11:04:666 INFO  Banking :24 - entering password : xyz123
2019-04-29 11:04:800 INFO  Banking :26 - click on login button
2019-04-29 11:04:780 INFO  Banking :60 - screenshots taken
2019-04-29 21:04:403 INFO  Banking :17 - Open Url
2019-04-29 21:04:261 INFO  Banking :20 - enetering username
2019-04-29 21:04:349 INFO  Banking :22 - entering password
2019-04-29 21:04:460 INFO  Banking :24 - click on login button
2019-04-29 21:04:496 INFO  Banking :30 - verifying title
2019-04-29 21:04:500 INFO  Banking :31 - Test Pass
2019-04-29 21:04:278 INFO  Banking :19 - Open Url
2019-04-29 21:04:592 INFO  Banking :22 - enetering username : abcd
2019-04-29 21:04:684 INFO  Banking :24 - entering password : abcd123
2019-04-29 21:04:904 INFO  Banking :26 - click on login button
2019-04-29 21:04:605 INFO  Banking :19 - Open Url
2019-04-29 21:04:820 INFO  Banking :22 - enetering username : xyz123
2019-04-29 21:04:908 INFO  Banking :24 - entering password : xyz123
2019-04-29 21:04:60 INFO  Banking :26 - click on login button
2019-04-30 15:04:941 INFO  Banking :17 - Open Url
2019-04-30 15:04:695 INFO  Banking :20 - enetering username
2019-04-30 15:04:770 INFO  Banking :22 - entering password
2019-04-30 15:04:546 INFO  Banking :24 - click on login button
2019-04-30 15:04:584 INFO  Banking :30 - verifying title
2019-04-30 15:04:585 INFO  Banking :31 - Test Pass
2019-04-30 15:04:324 INFO  Banking :19 - Open Url
2019-04-30 15:04:827 INFO  Banking :22 - enetering username : abcd
2019-04-30 15:04:922 INFO  Banking :24 - entering password : abcd123
2019-04-30 15:04:90 INFO  Banking :26 - click on login button
2019-04-30 15:04:386 INFO  Banking :19 - Open Url
2019-04-30 15:04:549 INFO  Banking :22 - enetering username : xyz123
2019-04-30 15:04:619 INFO  Banking :24 - entering password : xyz123
2019-04-30 15:04:764 INFO  Banking :26 - click on login button
2019-04-30 15:04:909 INFO  Banking :17 - Open Url
2019-04-30 15:04:767 INFO  Banking :20 - enetering username
2019-04-30 15:04:850 INFO  Banking :22 - entering password
2019-04-30 15:04:683 INFO  Banking :24 - click on login button
2019-04-30 15:04:702 INFO  Banking :30 - verifying title
2019-04-30 15:04:702 INFO  Banking :31 - Test Pass
2019-04-30 15:04:846 INFO  Banking :19 - Open Url
2019-04-30 15:04:586 INFO  Banking :22 - enetering username : abcd
2019-04-30 15:04:789 INFO  Banking :24 - entering password : abcd123
2019-04-30 15:04:06 INFO  Banking :26 - click on login button
2019-04-30 15:04:631 INFO  Banking :19 - Open Url
2019-04-30 15:04:781 INFO  Banking :22 - enetering username : xyz123
2019-04-30 15:04:860 INFO  Banking :24 - entering password : xyz123
2019-04-30 15:04:46 INFO  Banking :26 - click on login button
2019-04-30 15:04:546 INFO  Banking :17 - Open Url
2019-04-30 15:04:884 INFO  Banking :20 - enetering username
2019-04-30 15:04:970 INFO  Banking :22 - entering password
2019-04-30 15:04:763 INFO  Banking :24 - click on login button
2019-04-30 15:04:791 INFO  Banking :30 - verifying title
2019-04-30 15:04:791 INFO  Banking :31 - Test Pass
2019-04-30 15:04:969 INFO  Banking :19 - Open Url
2019-04-30 15:04:585 INFO  Banking :22 - enetering username : abcd
2019-04-30 15:04:664 INFO  Banking :24 - entering password : abcd123
2019-04-30 15:04:834 INFO  Banking :26 - click on login button
2019-04-30 15:04:217 INFO  Banking :19 - Open Url
2019-04-30 15:04:398 INFO  Banking :22 - enetering username : xyz123
2019-04-30 15:04:487 INFO  Banking :24 - entering password : xyz123
2019-04-30 15:04:636 INFO  Banking :26 - click on login button
2019-06-08 14:06:344 INFO  Banking :17 - Open Url
2019-06-08 14:06:522 INFO  Banking :20 - enetering username
2019-06-08 14:06:611 INFO  Banking :22 - entering password
2019-06-08 14:06:839 INFO  Banking :24 - click on login button
2019-06-08 14:06:978 INFO  Banking :19 - Open Url
2019-06-08 14:06:935 INFO  Banking :22 - enetering username : abcd
2019-06-08 14:06:35 INFO  Banking :24 - entering password : abcd123
2019-06-08 14:06:256 INFO  Banking :26 - click on login button
2019-06-08 14:06:813 INFO  Banking :19 - Open Url
2019-06-08 14:06:925 INFO  Banking :22 - enetering username : xyz123
2019-06-08 14:06:01 INFO  Banking :24 - entering password : xyz123
2019-06-08 14:06:186 INFO  Banking :26 - click on login button
2019-06-09 18:06:300 INFO  Banking :17 - Open Url
2019-06-09 18:06:974 INFO  Banking :20 - enetering username
2019-06-09 18:06:79 INFO  Banking :22 - entering password
2019-06-09 18:06:258 INFO  Banking :24 - click on login button
2019-06-09 18:06:304 INFO  Banking :19 - Open Url
2019-06-09 18:06:615 INFO  Banking :22 - enetering username : abcd
2019-06-09 18:06:734 INFO  Banking :24 - entering password : abcd123
2019-06-09 18:06:938 INFO  Banking :26 - click on login button
2019-06-09 18:06:195 INFO  Banking :19 - Open Url
2019-06-09 18:06:288 INFO  Banking :22 - enetering username : xyz123
2019-06-09 18:06:388 INFO  Banking :24 - entering password : xyz123
2019-06-09 18:06:534 INFO  Banking :26 - click on login button
